{"C:\\Users\\henry\\Projects\\CTISM-Prof-Henry\\webEssentials\\site\\js\\src\\classOne.js":{"path":"C:\\Users\\henry\\Projects\\CTISM-Prof-Henry\\webEssentials\\site\\js\\src\\classOne.js","statementMap":{"0":{"start":{"line":5,"column":8},"end":{"line":5,"column":16}},"1":{"start":{"line":6,"column":8},"end":{"line":6,"column":78}},"2":{"start":{"line":10,"column":23},"end":{"line":10,"column":38}},"3":{"start":{"line":11,"column":20},"end":{"line":11,"column":64}},"4":{"start":{"line":13,"column":21},"end":{"line":13,"column":43}},"5":{"start":{"line":15,"column":8},"end":{"line":18,"column":9}},"6":{"start":{"line":15,"column":20},"end":{"line":15,"column":21}},"7":{"start":{"line":16,"column":30},"end":{"line":16,"column":90}},"8":{"start":{"line":17,"column":12},"end":{"line":17,"column":35}},"9":{"start":{"line":19,"column":8},"end":{"line":19,"column":22}},"10":{"start":{"line":25,"column":23},"end":{"line":25,"column":68}},"11":{"start":{"line":27,"column":8},"end":{"line":47,"column":11}},"12":{"start":{"line":28,"column":27},"end":{"line":28,"column":56}},"13":{"start":{"line":29,"column":12},"end":{"line":29,"column":57}},"14":{"start":{"line":30,"column":12},"end":{"line":30,"column":60}},"15":{"start":{"line":31,"column":24},"end":{"line":31,"column":55}},"16":{"start":{"line":32,"column":12},"end":{"line":32,"column":51}},"17":{"start":{"line":33,"column":12},"end":{"line":33,"column":60}},"18":{"start":{"line":34,"column":12},"end":{"line":34,"column":56}},"19":{"start":{"line":35,"column":12},"end":{"line":35,"column":44}},"20":{"start":{"line":36,"column":12},"end":{"line":36,"column":69}},"21":{"start":{"line":36,"column":49},"end":{"line":36,"column":67}},"22":{"start":{"line":37,"column":12},"end":{"line":37,"column":71}},"23":{"start":{"line":37,"column":51},"end":{"line":37,"column":69}},"24":{"start":{"line":39,"column":12},"end":{"line":39,"column":40}},"25":{"start":{"line":40,"column":24},"end":{"line":40,"column":55}},"26":{"start":{"line":41,"column":12},"end":{"line":41,"column":57}},"27":{"start":{"line":42,"column":12},"end":{"line":42,"column":60}},"28":{"start":{"line":43,"column":12},"end":{"line":43,"column":38}},"29":{"start":{"line":44,"column":12},"end":{"line":44,"column":40}},"30":{"start":{"line":46,"column":12},"end":{"line":46,"column":43}},"31":{"start":{"line":51,"column":22},"end":{"line":51,"column":64}},"32":{"start":{"line":52,"column":8},"end":{"line":77,"column":9}},"33":{"start":{"line":53,"column":33},"end":{"line":53,"column":70}},"34":{"start":{"line":54,"column":26},"end":{"line":54,"column":59}},"35":{"start":{"line":55,"column":12},"end":{"line":55,"column":25}},"36":{"start":{"line":57,"column":12},"end":{"line":76,"column":13}},"37":{"start":{"line":57,"column":24},"end":{"line":57,"column":25}},"38":{"start":{"line":58,"column":16},"end":{"line":75,"column":17}},"39":{"start":{"line":59,"column":35},"end":{"line":59,"column":51}},"40":{"start":{"line":60,"column":20},"end":{"line":72,"column":22}},"41":{"start":{"line":61,"column":39},"end":{"line":61,"column":72}},"42":{"start":{"line":62,"column":43},"end":{"line":62,"column":52}},"43":{"start":{"line":63,"column":24},"end":{"line":63,"column":84}},"44":{"start":{"line":65,"column":24},"end":{"line":68,"column":25}},"45":{"start":{"line":65,"column":36},"end":{"line":65,"column":37}},"46":{"start":{"line":66,"column":28},"end":{"line":66,"column":54}},"47":{"start":{"line":67,"column":28},"end":{"line":67,"column":114}},"48":{"start":{"line":69,"column":24},"end":{"line":71,"column":25}},"49":{"start":{"line":70,"column":28},"end":{"line":70,"column":106}},"50":{"start":{"line":73,"column":20},"end":{"line":73,"column":48}},"51":{"start":{"line":74,"column":20},"end":{"line":74,"column":26}}},"fnMap":{"0":{"name":"(anonymous_0)","decl":{"start":{"line":4,"column":4},"end":{"line":4,"column":5}},"loc":{"start":{"line":4,"column":18},"end":{"line":7,"column":5}},"line":4},"1":{"name":"(anonymous_1)","decl":{"start":{"line":9,"column":4},"end":{"line":9,"column":5}},"loc":{"start":{"line":9,"column":18},"end":{"line":20,"column":5}},"line":9},"2":{"name":"(anonymous_2)","decl":{"start":{"line":24,"column":4},"end":{"line":24,"column":5}},"loc":{"start":{"line":24,"column":24},"end":{"line":48,"column":5}},"line":24},"3":{"name":"(anonymous_3)","decl":{"start":{"line":27,"column":44},"end":{"line":27,"column":45}},"loc":{"start":{"line":27,"column":55},"end":{"line":47,"column":9}},"line":27},"4":{"name":"(anonymous_4)","decl":{"start":{"line":36,"column":44},"end":{"line":36,"column":45}},"loc":{"start":{"line":36,"column":49},"end":{"line":36,"column":67}},"line":36},"5":{"name":"(anonymous_5)","decl":{"start":{"line":37,"column":46},"end":{"line":37,"column":47}},"loc":{"start":{"line":37,"column":51},"end":{"line":37,"column":69}},"line":37},"6":{"name":"(anonymous_6)","decl":{"start":{"line":50,"column":4},"end":{"line":50,"column":5}},"loc":{"start":{"line":50,"column":24},"end":{"line":78,"column":5}},"line":50},"7":{"name":"(anonymous_7)","decl":{"start":{"line":60,"column":36},"end":{"line":60,"column":37}},"loc":{"start":{"line":60,"column":43},"end":{"line":72,"column":21}},"line":60}},"branchMap":{"0":{"loc":{"start":{"line":52,"column":8},"end":{"line":77,"column":9}},"type":"if","locations":[{"start":{"line":52,"column":8},"end":{"line":77,"column":9}},{"start":{"line":56,"column":15},"end":{"line":77,"column":9}}],"line":52},"1":{"loc":{"start":{"line":58,"column":16},"end":{"line":75,"column":17}},"type":"if","locations":[{"start":{"line":58,"column":16},"end":{"line":75,"column":17}},{"start":{},"end":{}}],"line":58},"2":{"loc":{"start":{"line":69,"column":24},"end":{"line":71,"column":25}},"type":"if","locations":[{"start":{"line":69,"column":24},"end":{"line":71,"column":25}},{"start":{},"end":{}}],"line":69}},"s":{"0":0,"1":0,"2":0,"3":0,"4":0,"5":0,"6":0,"7":0,"8":0,"9":0,"10":0,"11":0,"12":0,"13":0,"14":0,"15":0,"16":0,"17":0,"18":0,"19":0,"20":0,"21":0,"22":0,"23":0,"24":0,"25":0,"26":0,"27":0,"28":0,"29":0,"30":0,"31":0,"32":0,"33":0,"34":0,"35":0,"36":0,"37":0,"38":0,"39":0,"40":0,"41":0,"42":0,"43":0,"44":0,"45":0,"46":0,"47":0,"48":0,"49":0,"50":0,"51":0},"f":{"0":0,"1":0,"2":0,"3":0,"4":0,"5":0,"6":0,"7":0},"b":{"0":[0,0],"1":[0,0],"2":[0,0]},"all":true},"C:\\Users\\henry\\Projects\\CTISM-Prof-Henry\\webEssentials\\site\\js\\src\\utils.js":{"path":"C:\\Users\\henry\\Projects\\CTISM-Prof-Henry\\webEssentials\\site\\js\\src\\utils.js","statementMap":{"0":{"start":{"line":7,"column":9},"end":{"line":7,"column":80}},"1":{"start":{"line":13,"column":8},"end":{"line":13,"column":40}},"2":{"start":{"line":14,"column":8},"end":{"line":14,"column":33}},"3":{"start":{"line":15,"column":8},"end":{"line":15,"column":52}},"4":{"start":{"line":23,"column":8},"end":{"line":23,"column":79}},"5":{"start":{"line":31,"column":8},"end":{"line":31,"column":79}},"6":{"start":{"line":40,"column":8},"end":{"line":40,"column":101}}},"fnMap":{"0":{"name":"(anonymous_0)","decl":{"start":{"line":6,"column":4},"end":{"line":6,"column":5}},"loc":{"start":{"line":6,"column":18},"end":{"line":8,"column":5}},"line":6},"1":{"name":"(anonymous_1)","decl":{"start":{"line":12,"column":4},"end":{"line":12,"column":5}},"loc":{"start":{"line":12,"column":51},"end":{"line":16,"column":5}},"line":12},"2":{"name":"(anonymous_2)","decl":{"start":{"line":22,"column":4},"end":{"line":22,"column":5}},"loc":{"start":{"line":22,"column":24},"end":{"line":24,"column":5}},"line":22},"3":{"name":"(anonymous_3)","decl":{"start":{"line":30,"column":4},"end":{"line":30,"column":5}},"loc":{"start":{"line":30,"column":24},"end":{"line":32,"column":5}},"line":30},"4":{"name":"(anonymous_4)","decl":{"start":{"line":39,"column":4},"end":{"line":39,"column":5}},"loc":{"start":{"line":39,"column":44},"end":{"line":41,"column":5}},"line":39}},"branchMap":{},"s":{"0":0,"1":0,"2":0,"3":0,"4":0,"5":0,"6":0},"f":{"0":0,"1":0,"2":0,"3":0,"4":0},"b":{},"all":true}}